<?xml version="1.0" encoding="UTF-8"?>
<!-- Generated by org.testng.reporters.JUnitReportReporter -->
<testsuite hostname="AIPLLTH405" failures="0" tests="1" name="com.taxilla.apps.testscripts.TC_006_Cancellation_OutwardTransactionV3" time="148.740" errors="0" timestamp="2022-03-22T19:02:31 IST" skipped="0">
  <testcase classname="com.taxilla.apps.testscripts.TC_006_Cancellation_OutwardTransactionV3" name="cancellationOfRequestInOutwardTransactionV3" time="148.740"/>
  <system-out/>
</testsuite> <!-- com.taxilla.apps.testscripts.TC_006_Cancellation_OutwardTransactionV3 -->
