<?xml version="1.0" encoding="UTF-8"?>
<!-- Generated by org.testng.reporters.JUnitReportReporter -->
<testsuite hostname="AIPLLTH405" failures="0" tests="1" name="com.taxilla.apps.testscripts.TC_010_ValidationCheckForWarning1_OutwardTransactionV3App5" time="1.086" errors="0" timestamp="2022-04-13T17:20:45 IST" skipped="0">
  <testcase classname="com.taxilla.apps.testscripts.TC_010_ValidationCheckForWarning1_OutwardTransactionV3App5" name="verifyErrorPhase2InOutwardTransactionV3" time="1.086"/>
  <system-out/>
</testsuite> <!-- com.taxilla.apps.testscripts.TC_010_ValidationCheckForWarning1_OutwardTransactionV3App5 -->
