<?xml version="1.0" encoding="UTF-8"?>
<!-- Generated by org.testng.reporters.JUnitReportReporter -->
<testsuite hostname="AIPLLTH405" failures="0" tests="1" name="com.taxilla.apps.testscripts.TC_006_ValidationCheck_OutwardTransactionV3App" time="1.744" errors="0" timestamp="2022-03-29T11:12:56 IST" skipped="0">
  <testcase classname="com.taxilla.apps.testscripts.TC_006_ValidationCheck_OutwardTransactionV3App" name="verifyErrorAndWarningInOutwardTransactionV3" time="1.744"/>
  <system-out/>
</testsuite> <!-- com.taxilla.apps.testscripts.TC_006_ValidationCheck_OutwardTransactionV3App -->
