<?xml version="1.0" encoding="UTF-8"?>
<!-- Generated by org.testng.reporters.JUnitReportReporter -->
<testsuite hostname="AIPLLTH405" failures="0" tests="1" name="com.taxilla.apps.testscripts.TC_008_ValidationCheckForError3_OutwardTransactionV3App3" time="2.260" errors="0" timestamp="2022-04-13T17:20:45 IST" skipped="0">
  <testcase classname="com.taxilla.apps.testscripts.TC_008_ValidationCheckForError3_OutwardTransactionV3App3" name="verifyErrorPhase2InOutwardTransactionV3" time="2.260"/>
  <system-out/>
</testsuite> <!-- com.taxilla.apps.testscripts.TC_008_ValidationCheckForError3_OutwardTransactionV3App3 -->
