<?xml version="1.0" encoding="UTF-8"?>
<!-- Generated by org.testng.reporters.JUnitReportReporter -->
<testsuite hostname="AIPLLTH405" failures="0" tests="1" name="com.taxilla.apps.testscripts.TC_001_VerifyDisplayOfSelectTenantIcon" time="45.922" errors="0" timestamp="2022-02-24T21:25:22 IST" skipped="0">
  <testcase classname="com.taxilla.apps.testscripts.TC_001_VerifyDisplayOfSelectTenantIcon" name="filingOfGSTR1Return" time="45.922"/>
  <system-out/>
</testsuite> <!-- com.taxilla.apps.testscripts.TC_001_VerifyDisplayOfSelectTenantIcon -->
