<?xml version="1.0" encoding="UTF-8"?>
<!-- Generated by org.testng.reporters.JUnitReportReporter -->
<testsuite hostname="AIPLLTH405" failures="0" tests="1" name="com.adaequare.taxilla.commonutil.StatusReporting" time="0.740" errors="0" timestamp="2022-02-10T19:06:59 IST" skipped="0">
  <testcase classname="com.adaequare.taxilla.commonutil.StatusReporting" name="StatusReporting" time="0.740"/>
  <system-out/>
</testsuite> <!-- com.adaequare.taxilla.commonutil.StatusReporting -->
