<?xml version="1.0" encoding="UTF-8"?>
<!-- Generated by org.testng.reporters.JUnitReportReporter -->
<testsuite hostname="AIPLLTH405" failures="0" tests="1" name="com.taxilla.apps.testscripts.TestForGetFileName" time="5.587" errors="0" timestamp="2022-03-11T17:23:14 IST" skipped="0">
  <testcase classname="com.taxilla.apps.testscripts.TestForGetFileName" name="method" time="5.587"/>
  <system-out/>
</testsuite> <!-- com.taxilla.apps.testscripts.TestForGetFileName -->
