<?xml version="1.0" encoding="UTF-8"?>
<!-- Generated by org.testng.reporters.JUnitReportReporter -->
<testsuite hostname="AIPLLTH405" failures="0" tests="1" name="com.taxilla.apps.commonutil.StatusReporting" time="2.724" errors="0" timestamp="2022-04-28T18:54:47 IST" skipped="0">
  <testcase classname="com.taxilla.apps.commonutil.StatusReporting" name="StatusReporting" time="2.724"/>
  <system-out/>
</testsuite> <!-- com.taxilla.apps.commonutil.StatusReporting -->
