<?xml version="1.0" encoding="UTF-8"?>
<!-- Generated by org.testng.reporters.JUnitReportReporter -->
<testsuite hostname="AIPLLTH405" failures="0" tests="1" name="com.adaequare.taxilla.testscripts.TC_001_VerifyDisplayOfSelectTenantIcon" time="32.072" errors="0" timestamp="2022-02-14T11:08:32 IST" skipped="0">
  <testcase classname="com.adaequare.taxilla.testscripts.TC_001_VerifyDisplayOfSelectTenantIcon" name="filingOfGSTR1Return" time="32.072"/>
  <system-out/>
</testsuite> <!-- com.adaequare.taxilla.testscripts.TC_001_VerifyDisplayOfSelectTenantIcon -->
