<?xml version="1.0" encoding="UTF-8"?>
<!-- Generated by org.testng.reporters.JUnitReportReporter -->
<testsuite hostname="AIPLLTH405" failures="0" tests="1" name="com.taxilla.apps.testscripts.TC_001_APIandEmailDetailMaster" time="38.656" errors="0" timestamp="2022-04-13T17:09:23 IST" skipped="0">
  <testcase classname="com.taxilla.apps.testscripts.TC_001_APIandEmailDetailMaster" name="apiAndEmailDetailMaster" time="38.656"/>
  <system-out/>
</testsuite> <!-- com.taxilla.apps.testscripts.TC_001_APIandEmailDetailMaster -->
