<?xml version="1.0" encoding="UTF-8"?>
<!-- Generated by org.testng.reporters.JUnitReportReporter -->
<testsuite hostname="AIPLLTH405" failures="0" tests="1" name="com.taxilla.apps.testscripts.TestAmazon" time="17.005" errors="0" timestamp="2022-04-21T19:51:55 IST" skipped="0">
  <testcase classname="com.taxilla.apps.testscripts.TestAmazon" name="testAmazon" time="17.005"/>
  <system-out/>
</testsuite> <!-- com.taxilla.apps.testscripts.TestAmazon -->
