<?xml version="1.0" encoding="UTF-8"?>
<!-- Generated by org.testng.reporters.JUnitReportReporter -->
<testsuite hostname="AIPLLTH405" failures="0" tests="1" name="com.adaequare.taxilla.testscripts.TC_004_VerifyErrorMessageForGSTOutwordTransactions" time="34.005" errors="0" timestamp="2022-02-10T10:43:08 IST" skipped="0">
  <testcase classname="com.adaequare.taxilla.testscripts.TC_004_VerifyErrorMessageForGSTOutwordTransactions" name="filingOfGSTR1Return" time="34.005"/>
  <system-out/>
</testsuite> <!-- com.adaequare.taxilla.testscripts.TC_004_VerifyErrorMessageForGSTOutwordTransactions -->
