<?xml version="1.0" encoding="UTF-8"?>
<!-- Generated by org.testng.reporters.JUnitReportReporter -->
<testsuite hostname="AIPLLTH405" failures="0" tests="1" name="com.taxilla.apps.testscripts.TC_004_PostGSTR1V1_2Level2" time="133.087" errors="0" timestamp="2022-04-13T17:09:23 IST" skipped="0">
  <testcase classname="com.taxilla.apps.testscripts.TC_004_PostGSTR1V1_2Level2" name="rquestCompletionInPostGSTR1" time="133.087"/>
  <system-out/>
</testsuite> <!-- com.taxilla.apps.testscripts.TC_004_PostGSTR1V1_2Level2 -->
