<?xml version="1.0" encoding="UTF-8"?>
<!-- Generated by org.testng.reporters.JUnitReportReporter -->
<testsuite hostname="AIPLLTH405" failures="0" tests="1" name="com.taxilla.apps.testscripts.Test1" time="0.009" errors="0" timestamp="2022-03-30T16:33:06 IST" skipped="0">
  <testcase classname="com.taxilla.apps.testscripts.Test1" name="method1" time="0.009"/>
  <system-out/>
</testsuite> <!-- com.taxilla.apps.testscripts.Test1 -->
