<?xml version="1.0" encoding="UTF-8"?>
<!-- Generated by org.testng.reporters.JUnitReportReporter -->
<testsuite hostname="AIPLLTH405" failures="0" tests="1" name="com.taxilla.apps.testscripts.TestClass" time="0.006" errors="0" timestamp="2022-03-11T10:03:17 IST" skipped="0">
  <testcase classname="com.taxilla.apps.testscripts.TestClass" name="methodTest" time="0.006"/>
  <system-out/>
</testsuite> <!-- com.taxilla.apps.testscripts.TestClass -->
