<?xml version="1.0" encoding="UTF-8"?>
<!-- Generated by org.testng.reporters.JUnitReportReporter -->
<testsuite hostname="AIPLLTH405" failures="0" tests="1" name="com.taxilla.apps.testscripts.TC_007_ValidationCheckForError2_OutwardTransactionV3App2" time="3.028" errors="0" timestamp="2022-04-13T17:20:44 IST" skipped="0">
  <testcase classname="com.taxilla.apps.testscripts.TC_007_ValidationCheckForError2_OutwardTransactionV3App2" name="verifyErrorPhase2InOutwardTransactionV3" time="3.028"/>
  <system-out/>
</testsuite> <!-- com.taxilla.apps.testscripts.TC_007_ValidationCheckForError2_OutwardTransactionV3App2 -->
