<?xml version="1.0" encoding="UTF-8"?>
<!-- Generated by org.testng.reporters.JUnitReportReporter -->
<testsuite hostname="AIPLLTH405" failures="0" tests="1" name="com.taxilla.apps.testscripts.TC_000_Cancellation_OutwardTransactionV3" time="167.546" errors="0" timestamp="2022-04-14T14:47:53 IST" skipped="0">
  <testcase classname="com.taxilla.apps.testscripts.TC_000_Cancellation_OutwardTransactionV3" name="cancellationOfRequestInOutwardTransactionV3" time="167.546"/>
  <system-out/>
</testsuite> <!-- com.taxilla.apps.testscripts.TC_000_Cancellation_OutwardTransactionV3 -->
